 ⚠ Fast Refresh had to perform a full reload due to a runtime error.
 ⚠ Fast Refresh had to perform a full reload due to a runtime error.
 ⨯ [Error: ENOENT: no such file or directory, open 'C:\Users\Advice_01\Desktop\weekly-content-planner\.next\server\app\page.js'] {
  errno: -4058,
  code: 'ENOENT',
  syscall: 'open',
  path: 'C:\\Users\\Advice_01\\Desktop\\weekly-content-planner\\.next\\server\\app\\page.js',
  page: '/'
}
 ⨯ [Error: ENOENT: no such file or directory, open 'C:\Users\Advice_01\Desktop\weekly-content-planner\.next\server\app\page.js'] {
  errno: -4058,
  code: 'ENOENT',
  syscall: 'open',
  path: 'C:\\Users\\Advice_01\\Desktop\\weekly-content-planner\\.next\\server\\app\\page.js',
  page: '/'
}
 ⨯ [Error: ENOENT: no such file or directory, open 'C:\Users\Advice_01\Desktop\weekly-content-planner\.next\server\app\page.js'] {
  errno: -4058,
  code: 'ENOENT',
  syscall: 'open',
  path: 'C:\\Users\\Advice_01\\Desktop\\weekly-content-planner\\.next\\server\\app\\page.js',
  page: '/'
}
 ⨯ [Error: ENOENT: no such file or directory, open 'C:\Users\Advice_01\Desktop\weekly-content-planner\.next\server\app\page.js'] {
  errno: -4058,
  code: 'ENOENT',
  syscall: 'open',
  path: 'C:\\Users\\Advice_01\\Desktop\\weekly-content-planner\\.next\\server\\app\\page.js',
  page: '/'
}
 ⨯ [Error: ENOENT: no such file or directory, open 'C:\Users\Advice_01\Desktop\weekly-content-planner\.next\server\app\page.js'] {
  errno: -4058,
  code: 'ENOENT',
  syscall: 'open',
  path: 'C:\\Users\\Advice_01\\Desktop\\weekly-content-planner\\.next\\server\\app\\page.js',
  page: '/'
}
 ⨯ [Error: ENOENT: no such file or directory, open 'C:\Users\Advice_01\Desktop\weekly-content-planner\.next\server\app\page.js'] {
  errno: -4058,
  code: 'ENOENT',
  syscall: 'open',
  path: 'C:\\Users\\Advice_01\\Desktop\\weekly-content-planner\\.next\\server\\app\\page.js',
  page: '/'
}
 ⨯ [Error: ENOENT: no such file or directory, open 'C:\Users\Advice_01\Desktop\weekly-content-planner\.next\server\app\page.js'] {
  errno: -4058,
  code: 'ENOENT',
  syscall: 'open',
  path: 'C:\\Users\\Advice_01\\Desktop\\weekly-content-planner\\.next\\server\\app\\page.js',
  page: '/'
}
 ⨯ [Error: ENOENT: no such file or directory, open 'C:\Users\Advice_01\Desktop\weekly-content-planner\.next\server\app\page.js'] {
  errno: -4058,
  code: 'ENOENT',
  syscall: 'open',
  path: 'C:\\Users\\Advice_01\\Desktop\\weekly-content-planner\\.next\\server\\app\\page.js',
  page: '/'
}
 ⨯ [Error: ENOENT: no such file or directory, open 'C:\Users\Advice_01\Desktop\weekly-content-planner\.next\server\app\page.js'] {
  errno: -4058,
  code: 'ENOENT',
  syscall: 'open',
  path: 'C:\\Users\\Advice_01\\Desktop\\weekly-content-planner\\.next\\server\\app\\page.js',
  page: '/'
}
 ⨯ [Error: ENOENT: no such file or directory, open 'C:\Users\Advice_01\Desktop\weekly-content-planner\.next\server\app\page.js'] {
  errno: -4058,
  code: 'ENOENT',
  syscall: 'open',
  path: 'C:\\Users\\Advice_01\\Desktop\\weekly-content-planner\\.next\\server\\app\\page.js',
  page: '/'
}
 ⨯ [Error: ENOENT: no such file or directory, open 'C:\Users\Advice_01\Desktop\weekly-content-planner\.next\server\app\page.js'] {
  errno: -4058,
  code: 'ENOENT',
  syscall: 'open',
  path: 'C:\\Users\\Advice_01\\Desktop\\weekly-content-planner\\.next\\server\\app\\page.js',
  page: '/'
}
 ⚠ Fast Refresh had to perform a full reload. Read more: https://nextjs.org/docs/messages/fast-refresh-reload
 ⚠ Fast Refresh had to perform a full reload due to a runtime error.
<w> [webpack.cache.PackFileCacheStrategy] Caching failed for pack: Error: ENOENT: no such file or directory, rename 'C:\Users\Advice_01\Desktop\weekly-content-planner\.next\cache\webpack\client-development\1.pack.gz_' -> 'C:\Users\Advice_01\Desktop\weekly-content-planner\.next\cache\webpack\client-development\1.pack.gz'
 ⨯ ./src/services/storage.ts
Error: 

Caused by:
    0: Failed to read source code from C:\Users\Advice_01\Desktop\weekly-content-planner\src\services\storage.ts
    1: The system cannot find the file specified. (os error 2)

Import trace for requested module:
./src/services/storage.ts
./src/app/page.tsx
